Arguments: 
  /Users/wuyue/.nvm/versions/node/v18.16.1/bin/node /opt/homebrew/Cellar/yarn/1.22.19/libexec/bin/yarn.js install

PATH: 
  /Users/wuyue/anaconda3/bin:/Users/wuyue/anaconda3/condabin:/Users/wuyue/.nvm/versions/node/v18.16.1/bin:/opt/local/bin:/opt/local/sbin:/opt/homebrew/bin:/opt/homebrew/sbin:/usr/local/bin:/System/Cryptexes/App/usr/bin:/usr/bin:/bin:/usr/sbin:/sbin

Yarn version: 
  1.22.19

Node version: 
  18.16.1

Platform: 
  darwin arm64

Trace: 
  Error: ENOENT: no such file or directory, copyfile '/Users/wuyue/Library/Caches/Yarn/v6/npm-ms-2.1.2-d09d1f357b443f493382a8eb3ccd183872ae6009-integrity/node_modules/ms/package.json' -> '/Users/wuyue/learn/webgl/three/threejs-template-simple/node_modules/@babel/core/node_modules/ms/package.json'

npm manifest: 
  {
    "repository": "#",
    "license": "UNLICENSED",
    "scripts": {
      "build": "webpack --config ./bundler/webpack.prod.js",
      "dev": "webpack serve --config ./bundler/webpack.dev.js"
    },
    "dependencies": {
      "@babel/core": "^7.14.6",
      "@babel/preset-env": "^7.14.7",
      "babel-loader": "^8.2.2",
      "clean-webpack-plugin": "^3.0.0",
      "copy-webpack-plugin": "^9.0.1",
      "css-loader": "^5.2.6",
      "file-loader": "^6.2.0",
      "glslify-loader": "^2.0.0",
      "html-loader": "^2.1.2",
      "html-webpack-plugin": "^5.3.2",
      "mini-css-extract-plugin": "^2.1.0",
      "portfinder-sync": "0.0.2",
      "raw-loader": "^4.0.2",
      "style-loader": "^3.0.0",
      "three": "^0.130.1",
      "webpack": "^5.42.1",
      "webpack-cli": "^4.7.2",
      "webpack-dev-server": "^3.11.2",
      "webpack-merge": "^5.8.0"
    }
  }

yarn manifest: 
  No manifest

Lockfile: 
  No lockfile
